* docker compose up -d
Creating network "sandbox_default" with the default driver
Building algod
#1 [internal] load build definition from Dockerfile
#1 sha256:8f270b8cf3d3ed3aebd6b1c67314b45495d0a7c9a9baf0a684aac399360f7861
#1 transferring dockerfile: 30B 0.0s
#1 transferring dockerfile: 1.50kB 0.1s done
#1 DONE 0.2s

#2 [internal] load .dockerignore
#2 sha256:2233445bf28aeff188ef443432ebd64b5af69b020a5ef0fd0c0af5c3f2d4d9b9
#2 transferring context: 73B 0.0s done
#2 DONE 0.2s

#3 [internal] load metadata for docker.io/library/golang:1.17.5
#3 sha256:3ce65834f7d3a7d24709d89abd6d513f5446748e83e65f39378cdef7c372da42
#3 DONE 2.6s

#4 [1/7] FROM docker.io/library/golang:1.17.5@sha256:c72fa9afc50b3303e8044cf28fb358b48032a548e1825819420fd40155a131cb
#4 sha256:99ce5ac4d0407879a4451aa99722cf3b69c3e77b38db135f6f4803b309d0e04f
#4 resolve docker.io/library/golang:1.17.5@sha256:c72fa9afc50b3303e8044cf28fb358b48032a548e1825819420fd40155a131cb 0.1s done
#4 sha256:90fb73aa50a20c85ecfaf619002dceeabff306ae19beec149e6be39928ee7f2d 1.80kB / 1.80kB done
#4 sha256:276895edf9673267f47528e8a99401f2d2947f6c9c00490f773d5ed8f559bef2 7.07kB / 7.07kB done
#4 sha256:c72fa9afc50b3303e8044cf28fb358b48032a548e1825819420fd40155a131cb 2.60kB / 2.60kB done
#4 sha256:9b829c73b52b92b97d5c07a54fb0f3e921995a296c714b53a32ae67d19231fcd 0B / 5.15MB 0.2s
#4 sha256:0e29546d541cdbd309281d21a73a9d1db78665c1b95b74f32b009e0b77a6e1e3 0B / 54.92MB 0.2s
#4 sha256:cb5b7ae361722f070eca53f35823ed21baa85d61d5d95cd5a95ab53d740cdd56 0B / 10.87MB 0.2s
#4 ...

#7 [internal] load build context
#7 sha256:d864430ff082156eff933e77a1eaced75c69bc2475d2e757354108a69065ec4f
#7 transferring context: 117.72kB 0.2s done
#7 DONE 0.4s

#4 [1/7] FROM docker.io/library/golang:1.17.5@sha256:c72fa9afc50b3303e8044cf28fb358b48032a548e1825819420fd40155a131cb
#4 sha256:99ce5ac4d0407879a4451aa99722cf3b69c3e77b38db135f6f4803b309d0e04f
#4 sha256:9b829c73b52b92b97d5c07a54fb0f3e921995a296c714b53a32ae67d19231fcd 2.10MB / 5.15MB 0.5s
#4 sha256:9b829c73b52b92b97d5c07a54fb0f3e921995a296c714b53a32ae67d19231fcd 3.15MB / 5.15MB 0.8s
#4 sha256:cb5b7ae361722f070eca53f35823ed21baa85d61d5d95cd5a95ab53d740cdd56 1.05MB / 10.87MB 0.8s
#4 sha256:9b829c73b52b92b97d5c07a54fb0f3e921995a296c714b53a32ae67d19231fcd 4.19MB / 5.15MB 0.9s
#4 sha256:0e29546d541cdbd309281d21a73a9d1db78665c1b95b74f32b009e0b77a6e1e3 3.15MB / 54.92MB 1.1s
#4 sha256:cb5b7ae361722f070eca53f35823ed21baa85d61d5d95cd5a95ab53d740cdd56 2.10MB / 10.87MB 1.1s
#4 sha256:9b829c73b52b92b97d5c07a54fb0f3e921995a296c714b53a32ae67d19231fcd 5.15MB / 5.15MB 1.1s done
#4 sha256:cb5b7ae361722f070eca53f35823ed21baa85d61d5d95cd5a95ab53d740cdd56 3.15MB / 10.87MB 1.2s
#4 sha256:6494e4811622b31c027ccac322ca463937fd805f569a93e6f15c01aade718793 0B / 54.57MB 1.2s
#4 sha256:cb5b7ae361722f070eca53f35823ed21baa85d61d5d95cd5a95ab53d740cdd56 4.19MB / 10.87MB 1.3s
#4 sha256:0e29546d541cdbd309281d21a73a9d1db78665c1b95b74f32b009e0b77a6e1e3 7.34MB / 54.92MB 1.5s
#4 sha256:cb5b7ae361722f070eca53f35823ed21baa85d61d5d95cd5a95ab53d740cdd56 5.24MB / 10.87MB 1.5s
#4 sha256:6494e4811622b31c027ccac322ca463937fd805f569a93e6f15c01aade718793 3.15MB / 54.57MB 1.6s
#4 sha256:0e29546d541cdbd309281d21a73a9d1db78665c1b95b74f32b009e0b77a6e1e3 11.53MB / 54.92MB 1.9s
#4 sha256:cb5b7ae361722f070eca53f35823ed21baa85d61d5d95cd5a95ab53d740cdd56 6.29MB / 10.87MB 1.9s
#4 sha256:6494e4811622b31c027ccac322ca463937fd805f569a93e6f15c01aade718793 6.29MB / 54.57MB 1.9s
#4 sha256:cb5b7ae361722f070eca53f35823ed21baa85d61d5d95cd5a95ab53d740cdd56 8.39MB / 10.87MB 2.2s
#4 sha256:cb5b7ae361722f070eca53f35823ed21baa85d61d5d95cd5a95ab53d740cdd56 9.44MB / 10.87MB 2.3s
#4 sha256:0e29546d541cdbd309281d21a73a9d1db78665c1b95b74f32b009e0b77a6e1e3 14.68MB / 54.92MB 2.4s
#4 sha256:6494e4811622b31c027ccac322ca463937fd805f569a93e6f15c01aade718793 9.44MB / 54.57MB 2.4s
#4 sha256:cb5b7ae361722f070eca53f35823ed21baa85d61d5d95cd5a95ab53d740cdd56 10.49MB / 10.87MB 2.5s
#4 sha256:cb5b7ae361722f070eca53f35823ed21baa85d61d5d95cd5a95ab53d740cdd56 10.87MB / 10.87MB 2.6s done
#4 sha256:6e1d20a8313edd44a36cb9198f4d11ac5eedb41d1faf5e8a33c5a0a5a25d2b92 0B / 85.80MB 2.7s
#4 sha256:0e29546d541cdbd309281d21a73a9d1db78665c1b95b74f32b009e0b77a6e1e3 17.83MB / 54.92MB 2.9s
#4 sha256:6494e4811622b31c027ccac322ca463937fd805f569a93e6f15c01aade718793 12.58MB / 54.57MB 2.9s
#4 sha256:0e29546d541cdbd309281d21a73a9d1db78665c1b95b74f32b009e0b77a6e1e3 20.97MB / 54.92MB 3.3s
#4 sha256:6494e4811622b31c027ccac322ca463937fd805f569a93e6f15c01aade718793 16.78MB / 54.57MB 3.3s
#4 sha256:6e1d20a8313edd44a36cb9198f4d11ac5eedb41d1faf5e8a33c5a0a5a25d2b92 5.24MB / 85.80MB 3.5s
#4 sha256:6494e4811622b31c027ccac322ca463937fd805f569a93e6f15c01aade718793 20.55MB / 54.57MB 3.7s
#4 sha256:0e29546d541cdbd309281d21a73a9d1db78665c1b95b74f32b009e0b77a6e1e3 24.12MB / 54.92MB 3.8s
#4 sha256:6494e4811622b31c027ccac322ca463937fd805f569a93e6f15c01aade718793 24.12MB / 54.57MB 4.5s
#4 sha256:6e1d20a8313edd44a36cb9198f4d11ac5eedb41d1faf5e8a33c5a0a5a25d2b92 10.49MB / 85.80MB 4.6s
#4 sha256:0e29546d541cdbd309281d21a73a9d1db78665c1b95b74f32b009e0b77a6e1e3 27.26MB / 54.92MB 4.7s
#4 sha256:6494e4811622b31c027ccac322ca463937fd805f569a93e6f15c01aade718793 27.26MB / 54.57MB 5.1s
#4 sha256:0e29546d541cdbd309281d21a73a9d1db78665c1b95b74f32b009e0b77a6e1e3 30.41MB / 54.92MB 5.2s
#4 sha256:6494e4811622b31c027ccac322ca463937fd805f569a93e6f15c01aade718793 30.41MB / 54.57MB 5.4s
#4 sha256:6e1d20a8313edd44a36cb9198f4d11ac5eedb41d1faf5e8a33c5a0a5a25d2b92 16.78MB / 85.80MB 5.4s
#4 sha256:0e29546d541cdbd309281d21a73a9d1db78665c1b95b74f32b009e0b77a6e1e3 33.55MB / 54.92MB 5.7s
#4 sha256:6494e4811622b31c027ccac322ca463937fd805f569a93e6f15c01aade718793 33.55MB / 54.57MB 5.7s
#4 sha256:6494e4811622b31c027ccac322ca463937fd805f569a93e6f15c01aade718793 37.75MB / 54.57MB 6.1s
#4 sha256:6e1d20a8313edd44a36cb9198f4d11ac5eedb41d1faf5e8a33c5a0a5a25d2b92 23.07MB / 85.80MB 6.1s
#4 sha256:0e29546d541cdbd309281d21a73a9d1db78665c1b95b74f32b009e0b77a6e1e3 36.70MB / 54.92MB 6.2s
#4 sha256:6494e4811622b31c027ccac322ca463937fd805f569a93e6f15c01aade718793 40.89MB / 54.57MB 6.4s
#4 sha256:0e29546d541cdbd309281d21a73a9d1db78665c1b95b74f32b009e0b77a6e1e3 39.85MB / 54.92MB 6.8s
#4 sha256:6494e4811622b31c027ccac322ca463937fd805f569a93e6f15c01aade718793 45.09MB / 54.57MB 6.8s
#4 sha256:6e1d20a8313edd44a36cb9198f4d11ac5eedb41d1faf5e8a33c5a0a5a25d2b92 29.36MB / 85.80MB 6.8s
#4 sha256:6494e4811622b31c027ccac322ca463937fd805f569a93e6f15c01aade718793 48.23MB / 54.57MB 7.1s
#4 sha256:0e29546d541cdbd309281d21a73a9d1db78665c1b95b74f32b009e0b77a6e1e3 42.99MB / 54.92MB 7.4s
#4 sha256:6e1d20a8313edd44a36cb9198f4d11ac5eedb41d1faf5e8a33c5a0a5a25d2b92 34.60MB / 85.80MB 7.4s
#4 sha256:6494e4811622b31c027ccac322ca463937fd805f569a93e6f15c01aade718793 51.38MB / 54.57MB 7.5s
#4 sha256:0e29546d541cdbd309281d21a73a9d1db78665c1b95b74f32b009e0b77a6e1e3 46.14MB / 54.92MB 7.9s
#4 sha256:6494e4811622b31c027ccac322ca463937fd805f569a93e6f15c01aade718793 54.57MB / 54.57MB 8.0s
#4 sha256:0e29546d541cdbd309281d21a73a9d1db78665c1b95b74f32b009e0b77a6e1e3 49.28MB / 54.92MB 8.2s
#4 sha256:6494e4811622b31c027ccac322ca463937fd805f569a93e6f15c01aade718793 54.57MB / 54.57MB 8.2s done
#4 sha256:6e1d20a8313edd44a36cb9198f4d11ac5eedb41d1faf5e8a33c5a0a5a25d2b92 40.89MB / 85.80MB 8.2s
#4 sha256:593823f101dcd9f20536348ad760ff593d83bb7ca26d99abeb0a0ecfeb6955ba 0B / 134.81MB 8.3s
#4 sha256:0e29546d541cdbd309281d21a73a9d1db78665c1b95b74f32b009e0b77a6e1e3 52.43MB / 54.92MB 8.4s
#4 sha256:6e1d20a8313edd44a36cb9198f4d11ac5eedb41d1faf5e8a33c5a0a5a25d2b92 46.14MB / 85.80MB 8.5s
#4 sha256:0e29546d541cdbd309281d21a73a9d1db78665c1b95b74f32b009e0b77a6e1e3 54.92MB / 54.92MB 8.9s done
#4 sha256:6e1d20a8313edd44a36cb9198f4d11ac5eedb41d1faf5e8a33c5a0a5a25d2b92 51.38MB / 85.80MB 9.0s
#4 sha256:1b4aae56cdbe63d04c5a44cec0c4cdf9dc1efb3cac8a4102c8cc618086809b72 0B / 155B 9.1s
#4 sha256:1b4aae56cdbe63d04c5a44cec0c4cdf9dc1efb3cac8a4102c8cc618086809b72 155B / 155B 9.2s done
#4 extracting sha256:0e29546d541cdbd309281d21a73a9d1db78665c1b95b74f32b009e0b77a6e1e3
#4 sha256:593823f101dcd9f20536348ad760ff593d83bb7ca26d99abeb0a0ecfeb6955ba 7.34MB / 134.81MB 9.4s
#4 sha256:6e1d20a8313edd44a36cb9198f4d11ac5eedb41d1faf5e8a33c5a0a5a25d2b92 58.72MB / 85.80MB 9.7s
#4 sha256:593823f101dcd9f20536348ad760ff593d83bb7ca26d99abeb0a0ecfeb6955ba 14.68MB / 134.81MB 10.0s
#4 sha256:6e1d20a8313edd44a36cb9198f4d11ac5eedb41d1faf5e8a33c5a0a5a25d2b92 63.96MB / 85.80MB 10.2s
#4 sha256:6e1d20a8313edd44a36cb9198f4d11ac5eedb41d1faf5e8a33c5a0a5a25d2b92 70.25MB / 85.80MB 10.8s
#4 sha256:593823f101dcd9f20536348ad760ff593d83bb7ca26d99abeb0a0ecfeb6955ba 23.07MB / 134.81MB 10.8s
#4 sha256:593823f101dcd9f20536348ad760ff593d83bb7ca26d99abeb0a0ecfeb6955ba 30.41MB / 134.81MB 11.3s
#4 sha256:6e1d20a8313edd44a36cb9198f4d11ac5eedb41d1faf5e8a33c5a0a5a25d2b92 75.50MB / 85.80MB 11.5s
#4 sha256:593823f101dcd9f20536348ad760ff593d83bb7ca26d99abeb0a0ecfeb6955ba 37.75MB / 134.81MB 11.9s
#4 sha256:6e1d20a8313edd44a36cb9198f4d11ac5eedb41d1faf5e8a33c5a0a5a25d2b92 80.74MB / 85.80MB 12.2s
#4 sha256:593823f101dcd9f20536348ad760ff593d83bb7ca26d99abeb0a0ecfeb6955ba 45.09MB / 134.81MB 12.7s
#4 sha256:6e1d20a8313edd44a36cb9198f4d11ac5eedb41d1faf5e8a33c5a0a5a25d2b92 85.80MB / 85.80MB 13.0s
#4 sha256:6e1d20a8313edd44a36cb9198f4d11ac5eedb41d1faf5e8a33c5a0a5a25d2b92 85.80MB / 85.80MB 13.2s done
#4 sha256:593823f101dcd9f20536348ad760ff593d83bb7ca26d99abeb0a0ecfeb6955ba 53.48MB / 134.81MB 13.3s
#4 sha256:593823f101dcd9f20536348ad760ff593d83bb7ca26d99abeb0a0ecfeb6955ba 61.87MB / 134.81MB 13.6s
#4 sha256:593823f101dcd9f20536348ad760ff593d83bb7ca26d99abeb0a0ecfeb6955ba 70.25MB / 134.81MB 14.0s
#4 extracting sha256:0e29546d541cdbd309281d21a73a9d1db78665c1b95b74f32b009e0b77a6e1e3 5.0s
#4 sha256:593823f101dcd9f20536348ad760ff593d83bb7ca26d99abeb0a0ecfeb6955ba 77.59MB / 134.81MB 14.5s
#4 sha256:593823f101dcd9f20536348ad760ff593d83bb7ca26d99abeb0a0ecfeb6955ba 84.93MB / 134.81MB 14.8s
#4 sha256:593823f101dcd9f20536348ad760ff593d83bb7ca26d99abeb0a0ecfeb6955ba 92.27MB / 134.81MB 15.1s
#4 sha256:593823f101dcd9f20536348ad760ff593d83bb7ca26d99abeb0a0ecfeb6955ba 100.66MB / 134.81MB 15.5s
#4 sha256:593823f101dcd9f20536348ad760ff593d83bb7ca26d99abeb0a0ecfeb6955ba 108.00MB / 134.81MB 15.8s
#4 sha256:593823f101dcd9f20536348ad760ff593d83bb7ca26d99abeb0a0ecfeb6955ba 115.34MB / 134.81MB 16.1s
#4 sha256:593823f101dcd9f20536348ad760ff593d83bb7ca26d99abeb0a0ecfeb6955ba 122.39MB / 134.81MB 16.4s
#4 extracting sha256:0e29546d541cdbd309281d21a73a9d1db78665c1b95b74f32b009e0b77a6e1e3 7.4s done
#4 sha256:593823f101dcd9f20536348ad760ff593d83bb7ca26d99abeb0a0ecfeb6955ba 132.12MB / 134.81MB 16.8s
#4 extracting sha256:9b829c73b52b92b97d5c07a54fb0f3e921995a296c714b53a32ae67d19231fcd
#4 extracting sha256:9b829c73b52b92b97d5c07a54fb0f3e921995a296c714b53a32ae67d19231fcd 0.5s done
#4 sha256:593823f101dcd9f20536348ad760ff593d83bb7ca26d99abeb0a0ecfeb6955ba 134.81MB / 134.81MB 17.5s done
#4 extracting sha256:cb5b7ae361722f070eca53f35823ed21baa85d61d5d95cd5a95ab53d740cdd56
#4 extracting sha256:cb5b7ae361722f070eca53f35823ed21baa85d61d5d95cd5a95ab53d740cdd56 0.8s done
#4 extracting sha256:6494e4811622b31c027ccac322ca463937fd805f569a93e6f15c01aade718793
#4 extracting sha256:6494e4811622b31c027ccac322ca463937fd805f569a93e6f15c01aade718793 5.1s
#4 extracting sha256:6494e4811622b31c027ccac322ca463937fd805f569a93e6f15c01aade718793 7.9s done
#4 extracting sha256:6e1d20a8313edd44a36cb9198f4d11ac5eedb41d1faf5e8a33c5a0a5a25d2b92
#4 extracting sha256:6e1d20a8313edd44a36cb9198f4d11ac5eedb41d1faf5e8a33c5a0a5a25d2b92 5.2s
#4 extracting sha256:6e1d20a8313edd44a36cb9198f4d11ac5eedb41d1faf5e8a33c5a0a5a25d2b92 9.4s done
#4 extracting sha256:593823f101dcd9f20536348ad760ff593d83bb7ca26d99abeb0a0ecfeb6955ba
#4 extracting sha256:593823f101dcd9f20536348ad760ff593d83bb7ca26d99abeb0a0ecfeb6955ba 5.2s
#4 extracting sha256:593823f101dcd9f20536348ad760ff593d83bb7ca26d99abeb0a0ecfeb6955ba 10.3s
#4 extracting sha256:593823f101dcd9f20536348ad760ff593d83bb7ca26d99abeb0a0ecfeb6955ba 13.5s done
#4 extracting sha256:1b4aae56cdbe63d04c5a44cec0c4cdf9dc1efb3cac8a4102c8cc618086809b72
#4 extracting sha256:1b4aae56cdbe63d04c5a44cec0c4cdf9dc1efb3cac8a4102c8cc618086809b72 done
#4 DONE 52.3s

#5 [2/7] RUN echo "Installing from source.  -- "
#5 sha256:e501a979167ebced6a8be741339e053fd42aed186ecfe27b4e124991c2061b24
#5 0.758 Installing from source.  -- 
#5 DONE 2.4s

#6 [3/7] RUN apt-get update && apt-get install -y apt-utils curl git git-core bsdmainutils python3
#6 sha256:75617bdd7abd4b37263b2dad492197d203c22de920853aef9a5c0113c72943f6
#6 1.326 Get:1 http://deb.debian.org/debian bullseye InRelease [116 kB]
#6 1.326 Get:2 http://security.debian.org/debian-security bullseye-security InRelease [48.4 kB]
#6 1.444 Get:3 http://deb.debian.org/debian bullseye-updates InRelease [44.1 kB]
#6 1.938 Get:4 http://security.debian.org/debian-security bullseye-security/main amd64 Packages [208 kB]
#6 2.279 Get:5 http://deb.debian.org/debian bullseye/main amd64 Packages [8184 kB]
#6 2.855 Get:6 http://deb.debian.org/debian bullseye-updates/main amd64 Packages [14.6 kB]
#6 6.110 Fetched 8615 kB in 5s (1734 kB/s)
#6 6.110 Reading package lists...
#6 7.969 Reading package lists...
#6 10.92 Building dependency tree...
#6 11.76 Reading state information...
#6 12.30 git is already the newest version (1:2.30.2-1).
#6 12.30 python3 is already the newest version (3.9.2-3).
#6 12.30 python3 set to manually installed.
#6 12.30 The following additional packages will be installed:
#6 12.30   bsdextrautils libcurl4 ncal
#6 12.30 Suggested packages:
#6 12.30   calendar whois vacation mailutils
#6 12.37 The following NEW packages will be installed:
#6 12.38   apt-utils bsdextrautils bsdmainutils ncal
#6 12.38 The following packages will be upgraded:
#6 12.38   curl libcurl4
#6 12.47 2 upgraded, 4 newly installed, 0 to remove and 54 not upgraded.
#6 12.47 Need to get 1246 kB of archives.
#6 12.47 After this operation, 1693 kB of additional disk space will be used.
#6 12.47 Get:1 http://deb.debian.org/debian bullseye/main amd64 bsdextrautils amd64 2.36.1-8+deb11u1 [145 kB]
#6 12.59 Get:2 http://deb.debian.org/debian bullseye/main amd64 apt-utils amd64 2.2.4 [439 kB]
#6 13.16 Get:3 http://deb.debian.org/debian bullseye/main amd64 ncal amd64 12.1.7+nmu3 [30.1 kB]
#6 13.16 Get:4 http://deb.debian.org/debian bullseye/main amd64 bsdmainutils all 12.1.7+nmu3 [16.4 kB]
#6 13.16 Get:5 http://deb.debian.org/debian bullseye/main amd64 curl amd64 7.74.0-1.3+deb11u3 [269 kB]
#6 13.48 Get:6 http://deb.debian.org/debian bullseye/main amd64 libcurl4 amd64 7.74.0-1.3+deb11u3 [345 kB]
#6 14.41 debconf: delaying package configuration, since apt-utils is not installed
#6 14.54 Fetched 1246 kB in 1s (842 kB/s)
#6 14.62 Selecting previously unselected package bsdextrautils.
#6 14.62 (Reading database ... (Reading database ... 5%(Reading database ... 10%(Reading database ... 15%(Reading database ... 20%(Reading database ... 25%(Reading database ... 30%(Reading database ... 35%(Reading database ... 40%(Reading database ... 45%(Reading database ... 50%(Reading database ... 55%(Reading database ... 60%(Reading database ... 65%(Reading database ... 70%(Reading database ... 75%(Reading database ... 80%(Reading database ... 85%(Reading database ... 90%(Reading database ... 95%(Reading database ... 100%(Reading database ... 15709 files and directories currently installed.)
#6 14.66 Preparing to unpack .../0-bsdextrautils_2.36.1-8+deb11u1_amd64.deb ...
#6 14.68 Unpacking bsdextrautils (2.36.1-8+deb11u1) ...
#6 14.84 Selecting previously unselected package apt-utils.
#6 14.84 Preparing to unpack .../1-apt-utils_2.2.4_amd64.deb ...
#6 14.86 Unpacking apt-utils (2.2.4) ...
#6 15.07 Selecting previously unselected package ncal.
#6 15.07 Preparing to unpack .../2-ncal_12.1.7+nmu3_amd64.deb ...
#6 15.10 Unpacking ncal (12.1.7+nmu3) ...
#6 15.36 Selecting previously unselected package bsdmainutils.
#6 15.37 Preparing to unpack .../3-bsdmainutils_12.1.7+nmu3_all.deb ...
#6 15.41 Unpacking bsdmainutils (12.1.7+nmu3) ...
#6 15.54 Preparing to unpack .../4-curl_7.74.0-1.3+deb11u3_amd64.deb ...
#6 15.60 Unpacking curl (7.74.0-1.3+deb11u3) over (7.74.0-1.3+deb11u1) ...
#6 15.91 Preparing to unpack .../5-libcurl4_7.74.0-1.3+deb11u3_amd64.deb ...
#6 16.00 Unpacking libcurl4:amd64 (7.74.0-1.3+deb11u3) over (7.74.0-1.3+deb11u1) ...
#6 16.27 Setting up apt-utils (2.2.4) ...
#6 16.31 Setting up bsdextrautils (2.36.1-8+deb11u1) ...
#6 16.35 update-alternatives: using /usr/bin/write.ul to provide /usr/bin/write (write) in auto mode
#6 16.38 Setting up ncal (12.1.7+nmu3) ...
#6 16.42 Setting up bsdmainutils (12.1.7+nmu3) ...
#6 16.46 Setting up libcurl4:amd64 (7.74.0-1.3+deb11u3) ...
#6 16.50 Setting up curl (7.74.0-1.3+deb11u3) ...
#6 16.55 Processing triggers for libc-bin (2.31-13+deb11u2) ...
#6 DONE 16.8s

#8 [4/7] COPY . /tmp
#8 sha256:8b54688c47c3e769309fd4fdab15eff4e6650dd9265a10c330cf1d8775446353
#8 DONE 0.1s

#9 [5/7] RUN /tmp/images/algod/install.sh     -d "/node"     -c "stable"     -u ""     -b ""     -s ""
#9 sha256:21d9f16cbbc08418fd2a256063535d419eb1a5e1139840c237ac05b6954f7385
#9 0.544 /tmp/images/algod /go
#9 0.544 Installing algod with options:
#9 0.545   BINDIR = /node
#9 0.545   CHANNEL = stable
#9 0.545   URL = 
#9 0.545   BRANCH = 
#9 0.545   SHA = 
#9 0.557 Current Version = 0
#9 2.162 updater binary was installed at /tmp/images/algod/updater
#9 2.483 Latest Version = 12885622787
#9 2.483 New version found
#9 2.498 Checking for files matching: 'channel/stable/node_stable_linux-amd64_' in bucket algorand-releases
#9 10.51 Update Downloaded to /tmp/tmp.pOeq7IQ8Zu/12885622787.tar.gz
#9 10.51 Expanding update...
#9 15.34 Validating update...
#9 15.34 Starting the new update script to complete the installation...
#9 15.34 ... Resuming installation from the latest update script
#9 15.34 Current Version = 0
#9 15.35 Backing up current binary files...
#9 15.36 Backing up current data files from /node/data...
#9 15.36 Installing new binary files...
#9 15.86 Installing new data files into /node/data...
#9 15.87 Copying genesis files locally
#9 15.87 Checking for new ledger in /node/data
#9 15.98 Cannot read genesis file /node/data/genesis.json: open /node/data/genesis.json: no such file or directory
#9 15.98 Updating genesis files for default network
#9 16.04 New genesis ID, resetting wallets
#9 16.04 New Ledger - restoring genesis accounts in /node/data
#9 16.04 New Ledger - importing rootkeys for genesis accounts
#9 16.21 Imported 0 keys
#9 16.21 Applying migration fixups...
#9 16.22 Deleting existing log files in /node/data
#9 16.23 Install complete - restart node manually
#9 DONE 18.8s

#10 [6/7] RUN sed -i "s/NETWORK_NUM_ROUNDS/300000/" "//tmp/images/algod/template.json" &&  /tmp/images/algod/setup.py  --bin-dir "/node"  --data-dir "/opt/data"  --start-script "/opt/start_algod.sh"  --network-dir "/opt/testnetwork"  --network-template "//tmp/images/algod/template.json"  --network-token "aaaaaaaaaaaaaaaaaaaaaaaaaaaaaaaaaaaaaaaaaaaaaaaaaaaaaaaaaaaaaaaa"  --algod-port "4001"  --kmd-port "4002"  --bootstrap-url ""  --genesis-file "/tmp/"  --archival ""
#10 sha256:3433e91b78113b691df57a4b23052b899e4e75ce35df349f42e6e97755265f71
#10 1.481 Created new rootkey: /opt/testnetwork/Wallet2.rootkey
#10 1.512 Created new rootkey: /opt/testnetwork/Wallet4.rootkey
#10 1.532 Created new rootkey: /opt/testnetwork/Wallet3.rootkey
#10 1.532 Created new rootkey: /opt/testnetwork/Wallet1.rootkey
#10 1.541 Generating Wallet2's keys for a period of 300000 rounds
#10 1.617 Generating Wallet1's keys for a period of 300000 rounds
#10 CANCELED
context canceled
Aborting.
.clean file NOT FOUND. Sandbox images will NOT be rebuilt.
* docker compose up -d
algorand-sandbox-algod is up-to-date
algorand-sandbox-postgres is up-to-date
algorand-sandbox-indexer is up-to-date
.clean file NOT FOUND. Sandbox images will NOT be rebuilt.
* docker compose up -d
Traceback (most recent call last):
  File "docker\api\client.py", line 214, in _retrieve_server_version
  File "docker\api\daemon.py", line 181, in version
  File "docker\utils\decorators.py", line 46, in inner
  File "docker\api\client.py", line 237, in _get
  File "requests\sessions.py", line 543, in get
  File "requests\sessions.py", line 530, in request
  File "requests\sessions.py", line 643, in send
  File "requests\adapters.py", line 439, in send
  File "urllib3\connectionpool.py", line 670, in urlopen
  File "urllib3\connectionpool.py", line 392, in _make_request
  File "http\client.py", line 1255, in request
  File "http\client.py", line 1301, in _send_request
  File "http\client.py", line 1250, in endheaders
  File "http\client.py", line 1010, in _send_output
  File "http\client.py", line 950, in send
  File "docker\transport\npipeconn.py", line 32, in connect
  File "docker\transport\npipesocket.py", line 23, in wrapped
  File "docker\transport\npipesocket.py", line 72, in connect
  File "docker\transport\npipesocket.py", line 52, in connect
pywintypes.error: (2, 'CreateFile', 'The system cannot find the file specified.')

During handling of the above exception, another exception occurred:

Traceback (most recent call last):
  File "docker-compose", line 3, in <module>
  File "compose\cli\main.py", line 81, in main
  File "compose\cli\main.py", line 200, in perform_command
  File "compose\cli\command.py", line 60, in project_from_options
  File "compose\cli\command.py", line 152, in get_project
  File "compose\cli\docker_client.py", line 41, in get_client
  File "compose\cli\docker_client.py", line 170, in docker_client
  File "docker\api\client.py", line 197, in __init__
  File "docker\api\client.py", line 221, in _retrieve_server_version
docker.errors.DockerException: Error while fetching server API version: (2, 'CreateFile', 'The system cannot find the file specified.')
[15828] Failed to execute script docker-compose
.clean file NOT FOUND. Sandbox images will NOT be rebuilt.
* docker compose up -d
Traceback (most recent call last):
  File "docker-compose", line 2, in <module>
  File "<frozen importlib._bootstrap>", line 1007, in _find_and_load
  File "<frozen importlib._bootstrap>", line 986, in _find_and_load_unlocked
  File "<frozen importlib._bootstrap>", line 680, in _load_unlocked
  File "c:\jenkins\workspace\dsg_compose_1.29.2\venv\lib\site-packages\PyInstaller\loader\pyimod03_importers.py", line 493, in exec_module
  File "compose\cli\main.py", line 13, in <module>
  File "<frozen importlib._bootstrap>", line 1007, in _find_and_load
  File "<frozen importlib._bootstrap>", line 986, in _find_and_load_unlocked
  File "<frozen importlib._bootstrap>", line 680, in _load_unlocked
  File "c:\jenkins\workspace\dsg_compose_1.29.2\venv\lib\site-packages\PyInstaller\loader\pyimod03_importers.py", line 493, in exec_module
  File "docker\__init__.py", line 2, in <module>
  File "<frozen importlib._bootstrap>", line 1007, in _find_and_load
  File "<frozen importlib._bootstrap>", line 986, in _find_and_load_unlocked
  File "<frozen importlib._bootstrap>", line 680, in _load_unlocked
  File "c:\jenkins\workspace\dsg_compose_1.29.2\venv\lib\site-packages\PyInstaller\loader\pyimod03_importers.py", line 493, in exec_module
  File "docker\api\__init__.py", line 2, in <module>
  File "<frozen importlib._bootstrap>", line 1007, in _find_and_load
  File "<frozen importlib._bootstrap>", line 986, in _find_and_load_unlocked
  File "<frozen importlib._bootstrap>", line 680, in _load_unlocked
  File "c:\jenkins\workspace\dsg_compose_1.29.2\venv\lib\site-packages\PyInstaller\loader\pyimod03_importers.py", line 493, in exec_module
  File "docker\api\client.py", line 6, in <module>
  File "<frozen importlib._bootstrap>", line 1007, in _find_and_load
  File "<frozen importlib._bootstrap>", line 986, in _find_and_load_unlocked
  File "<frozen importlib._bootstrap>", line 680, in _load_unlocked
  File "c:\jenkins\workspace\dsg_compose_1.29.2\venv\lib\site-packages\PyInstaller\loader\pyimod03_importers.py", line 493, in exec_module
  File "requests\__init__.py", line 43, in <module>
  File "<frozen importlib._bootstrap>", line 1007, in _find_and_load
  File "<frozen importlib._bootstrap>", line 986, in _find_and_load_unlocked
  File "<frozen importlib._bootstrap>", line 680, in _load_unlocked
  File "c:\jenkins\workspace\dsg_compose_1.29.2\venv\lib\site-packages\PyInstaller\loader\pyimod03_importers.py", line 493, in exec_module
  File "urllib3\__init__.py", line 7, in <module>
  File "<frozen importlib._bootstrap>", line 1007, in _find_and_load
  File "<frozen importlib._bootstrap>", line 986, in _find_and_load_unlocked
  File "<frozen importlib._bootstrap>", line 680, in _load_unlocked
  File "c:\jenkins\workspace\dsg_compose_1.29.2\venv\lib\site-packages\PyInstaller\loader\pyimod03_importers.py", line 493, in exec_module
  File "urllib3\connectionpool.py", line 39, in <module>
  File "<frozen importlib._bootstrap>", line 1007, in _find_and_load
  File "<frozen importlib._bootstrap>", line 986, in _find_and_load_unlocked
  File "<frozen importlib._bootstrap>", line 680, in _load_unlocked
  File "c:\jenkins\workspace\dsg_compose_1.29.2\venv\lib\site-packages\PyInstaller\loader\pyimod03_importers.py", line 473, in exec_module
  File "c:\jenkins\workspace\dsg_compose_1.29.2\venv\lib\site-packages\PyInstaller\loader\pyimod03_importers.py", line 302, in get_code
  File "c:\jenkins\workspace\dsg_compose_1.29.2\venv\lib\site-packages\PyInstaller\loader\pyimod02_archive.py", line 319, in extract
  File "c:\jenkins\workspace\dsg_compose_1.29.2\venv\lib\site-packages\PyInstaller\loader\pyimod02_archive.py", line 96, in __enter__
KeyboardInterrupt
[46200] Failed to execute script docker-compose
.clean file NOT FOUND. Sandbox images will NOT be rebuilt.
* docker compose up -d
Creating network "sandbox_default" with the default driver
Creating algorand-sandbox-algod ... 
Creating algorand-sandbox-postgres ... 
Creating algorand-sandbox-postgres ... done
Creating algorand-sandbox-algod    ... done
Creating algorand-sandbox-indexer  ... 
Creating algorand-sandbox-indexer  ... done
.clean file NOT FOUND. Sandbox images will NOT be rebuilt.
* docker compose up -d
algorand-sandbox-algod is up-to-date
algorand-sandbox-postgres is up-to-date
algorand-sandbox-indexer is up-to-date
